Flow report for sc_computer
Sat Jun 02 17:40:15 2018
Quartus II 64-Bit Version 13.1.0 Build 162 10/23/2013 SJ Web Edition


---------------------
; Table of Contents ;
---------------------
  1. Legal Notice
  2. Flow Summary
  3. Flow Settings
  4. Flow Non-Default Global Settings
  5. Flow Elapsed Time
  6. Flow OS Summary
  7. Flow Log
  8. Flow Messages
  9. Flow Suppressed Messages



----------------
; Legal Notice ;
----------------
Copyright (C) 1991-2013 Altera Corporation
Your use of Altera Corporation's design tools, logic functions 
and other software and tools, and its AMPP partner logic 
functions, and any output files from any of the foregoing 
(including device programming or simulation files), and any 
associated documentation or information are expressly subject 
to the terms and conditions of the Altera Program License 
Subscription Agreement, Altera MegaCore Function License 
Agreement, or other applicable license agreement, including, 
without limitation, that your use is for the sole purpose of 
programming logic devices manufactured by Altera and sold by 
Altera or its authorized distributors.  Please refer to the 
applicable agreement for further details.



+------------------------------------------------------------------------------+
; Flow Summary                                                                 ;
+---------------------------------+--------------------------------------------+
; Flow Status                     ; Successful - Sat Jun 02 17:40:15 2018      ;
; Quartus II 64-Bit Version       ; 13.1.0 Build 162 10/23/2013 SJ Web Edition ;
; Revision Name                   ; sc_computer                                ;
; Top-level Entity Name           ; sc_computer                                ;
; Family                          ; Cyclone V                                  ;
; Device                          ; 5CSEMA5F31C6                               ;
; Timing Models                   ; Preliminary                                ;
; Logic utilization (in ALMs)     ; 1,230 / 32,070 ( 4 % )                     ;
; Total registers                 ; 1207                                       ;
; Total pins                      ; 38 / 457 ( 8 % )                           ;
; Total virtual pins              ; 0                                          ;
; Total block memory bits         ; 3,072 / 4,065,280 ( < 1 % )                ;
; Total DSP Blocks                ; 0 / 87 ( 0 % )                             ;
; Total HSSI RX PCSs              ; 0                                          ;
; Total HSSI PMA RX Deserializers ; 0                                          ;
; Total HSSI TX PCSs              ; 0                                          ;
; Total HSSI TX Channels          ; 0                                          ;
; Total PLLs                      ; 1 / 6 ( 17 % )                             ;
; Total DLLs                      ; 0 / 4 ( 0 % )                              ;
+---------------------------------+--------------------------------------------+


+-----------------------------------------+
; Flow Settings                           ;
+-------------------+---------------------+
; Option            ; Setting             ;
+-------------------+---------------------+
; Start date & time ; 06/02/2018 17:36:51 ;
; Main task         ; Compilation         ;
; Revision Name     ; sc_computer         ;
+-------------------+---------------------+


+------------------------------------------------------------------------------------------------------------------------------+
; Flow Non-Default Global Settings                                                                                             ;
+--------------------------------------+---------------------------------------+---------------+-------------+-----------------+
; Assignment Name                      ; Value                                 ; Default Value ; Entity Name ; Section Id      ;
+--------------------------------------+---------------------------------------+---------------+-------------+-----------------+
; COMPILER_SIGNATURE_ID                ; 944351378922.152793221106860          ; --            ; --          ; --              ;
; EDA_DESIGN_INSTANCE_NAME             ; NA                                    ; --            ; --          ; sc_computer_sim ;
; EDA_NATIVELINK_SIMULATION_TEST_BENCH ; sc_computer_sim                       ; --            ; --          ; eda_simulation  ;
; EDA_NETLIST_WRITER_OUTPUT_DIR        ; simulation                            ; --            ; --          ; eda_simulation  ;
; EDA_OUTPUT_DATA_FORMAT               ; Verilog Hdl                           ; --            ; --          ; eda_simulation  ;
; EDA_SIMULATION_TOOL                  ; ModelSim-Altera (Verilog)             ; <None>        ; --          ; --              ;
; EDA_TEST_BENCH_ENABLE_STATUS         ; TEST_BENCH_MODE                       ; --            ; --          ; eda_simulation  ;
; EDA_TEST_BENCH_FILE                  ; simulation/sc_computer_sim.vt         ; --            ; --          ; sc_computer_sim ;
; EDA_TEST_BENCH_MODULE_NAME           ; sc_computer_sim                       ; --            ; --          ; sc_computer_sim ;
; EDA_TEST_BENCH_NAME                  ; sc_computer_sim                       ; --            ; --          ; eda_simulation  ;
; EDA_TEST_BENCH_RUN_SIM_FOR           ; 10000 ns                              ; --            ; --          ; sc_computer_sim ;
; EDA_TIME_SCALE                       ; 1 ns                                  ; --            ; --          ; eda_simulation  ;
; IP_TOOL_ENV                          ; mwpim                                 ; --            ; pll         ; --              ;
; IP_TOOL_ENV                          ; mwpim                                 ; --            ; pll         ; --              ;
; IP_TOOL_ENV                          ; mwpim                                 ; --            ; pll_0002    ; --              ;
; IP_TOOL_NAME                         ; altera_pll                            ; --            ; pll         ; --              ;
; IP_TOOL_NAME                         ; altera_pll                            ; --            ; pll         ; --              ;
; IP_TOOL_NAME                         ; altera_pll                            ; --            ; pll_0002    ; --              ;
; IP_TOOL_VERSION                      ; 13.1                                  ; --            ; pll         ; --              ;
; IP_TOOL_VERSION                      ; 13.1                                  ; --            ; pll         ; --              ;
; IP_TOOL_VERSION                      ; 13.1                                  ; --            ; pll_0002    ; --              ;
; MAX_CORE_JUNCTION_TEMP               ; 85                                    ; --            ; --          ; --              ;
; MIN_CORE_JUNCTION_TEMP               ; 0                                     ; --            ; --          ; --              ;
; MISC_FILE                            ; source/pll.cmp                        ; --            ; --          ; --              ;
; MISC_FILE                            ; source/pll_sim/pll.vo                 ; --            ; --          ; --              ;
; PARTITION_COLOR                      ; 16764057                              ; --            ; --          ; Top             ;
; PARTITION_FITTER_PRESERVATION_LEVEL  ; PLACEMENT_AND_ROUTING                 ; --            ; --          ; Top             ;
; PARTITION_NETLIST_TYPE               ; SOURCE                                ; --            ; --          ; Top             ;
; POWER_BOARD_THERMAL_MODEL            ; None (CONSERVATIVE)                   ; --            ; --          ; --              ;
; POWER_PRESET_COOLING_SOLUTION        ; 23 MM HEAT SINK WITH 200 LFPM AIRFLOW ; --            ; --          ; --              ;
; PROJECT_OUTPUT_DIRECTORY             ; output_files                          ; --            ; --          ; --              ;
; SPD_FILE                             ; source/pll.spd                        ; --            ; --          ; --              ;
; SYNTHESIS_ONLY_QIP                   ; On                                    ; --            ; --          ; --              ;
+--------------------------------------+---------------------------------------+---------------+-------------+-----------------+


+-------------------------------------------------------------------------------------------------------------------------------+
; Flow Elapsed Time                                                                                                             ;
+---------------------------+--------------+-------------------------+---------------------+------------------------------------+
; Module Name               ; Elapsed Time ; Average Processors Used ; Peak Virtual Memory ; Total CPU Time (on all processors) ;
+---------------------------+--------------+-------------------------+---------------------+------------------------------------+
; Analysis & Synthesis      ; 00:00:11     ; 1.0                     ; 571 MB              ; 00:00:11                           ;
; Fitter                    ; 00:02:27     ; 1.0                     ; 1589 MB             ; 00:02:27                           ;
; Assembler                 ; 00:00:13     ; 1.0                     ; 665 MB              ; 00:00:13                           ;
; TimeQuest Timing Analyzer ; 00:00:22     ; 1.0                     ; 876 MB              ; 00:00:22                           ;
; EDA Netlist Writer        ; 00:00:02     ; 1.0                     ; 623 MB              ; 00:00:03                           ;
; Total                     ; 00:03:15     ; --                      ; --                  ; 00:03:16                           ;
+---------------------------+--------------+-------------------------+---------------------+------------------------------------+


+----------------------------------------------------------------------------------------+
; Flow OS Summary                                                                        ;
+---------------------------+------------------+-----------+------------+----------------+
; Module Name               ; Machine Hostname ; OS Name   ; OS Version ; Processor type ;
+---------------------------+------------------+-----------+------------+----------------+
; Analysis & Synthesis      ; LAPTOP-381THT98  ; Windows 7 ; 6.2        ; x86_64         ;
; Fitter                    ; LAPTOP-381THT98  ; Windows 7 ; 6.2        ; x86_64         ;
; Assembler                 ; LAPTOP-381THT98  ; Windows 7 ; 6.2        ; x86_64         ;
; TimeQuest Timing Analyzer ; LAPTOP-381THT98  ; Windows 7 ; 6.2        ; x86_64         ;
; EDA Netlist Writer        ; LAPTOP-381THT98  ; Windows 7 ; 6.2        ; x86_64         ;
+---------------------------+------------------+-----------+------------+----------------+


------------
; Flow Log ;
------------
quartus_map --read_settings_files=on --write_settings_files=off sc_computer -c sc_computer
quartus_fit --read_settings_files=off --write_settings_files=off sc_computer -c sc_computer
quartus_asm --read_settings_files=off --write_settings_files=off sc_computer -c sc_computer
quartus_sta sc_computer -c sc_computer
quartus_eda --read_settings_files=off --write_settings_files=off sc_computer -c sc_computer



